============================= test session starts =============================
platform win32 -- Python 3.13.12, pytest-9.1.1, pluggy-1.5.0
rootdir: D:\ccc\ashare-radar
configfile: pyproject.toml
testpaths: tests
plugins: anyio-4.10.0, cov-7.1.0
collected 1946 items

tests\test_alert_delivery_stages.py .....................                [  1%]
tests\test_capabilities.py .......................                       [  2%]
tests\test_cli_watch_only.py .................................           [  3%]
tests\test_config_wiring.py .........................                    [  5%]
tests\test_daemon_attribution.py ........                                [  5%]
tests\test_daemon_state_isolation.py .........                           [  6%]
tests\test_dashboard_frontend.py ......                                  [  6%]
tests\test_delivery_false_green.py ................                      [  7%]
tests\test_delivery_ledger_decoupled.py ..................               [  8%]
tests\test_eastmoney_no_total_pagination.py .......                      [  8%]
tests\test_eastmoney_truncation.py .............................         [ 10%]
tests\test_engine.py ................................................... [ 12%]
..................                                                       [ 13%]
tests\test_engine_admission_snapshot.py ...............                  [ 14%]
tests\test_engine_route_ledger_wiring.py ........                        [ 14%]
tests\test_engine_route_time.py ............                             [ 15%]
tests\test_engine_time_admission.py ..............                       [ 16%]
tests\test_engine_watermark_r2.py ............                           [ 16%]
tests\test_health_consumer_contract.py ................................. [ 18%]
.........................................                                [ 20%]
tests\test_index_current_view.py ....                                    [ 20%]
tests\test_index_plumbing.py .............................               [ 22%]
tests\test_live_session_observation.py ................................. [ 23%]
...................................................................      [ 27%]
tests\test_live_session_tool.py ........................................ [ 29%]
........                                                                 [ 29%]
tests\test_new_listing_filter.py .................                       [ 30%]
tests\test_new_listing_no_price_limit.py ...........................     [ 32%]
tests\test_notifiers.py ................................................ [ 34%]
.................................................................        [ 37%]
tests\test_observation_ledger_buckets.py .................               [ 38%]
tests\test_observation_naming_and_detail.py ............                 [ 39%]
tests\test_observation_round_attribution.py ........                     [ 39%]
tests\test_observation_wiring.py ..........                              [ 40%]
tests\test_replay_capability_ledger.py ....                              [ 40%]
tests\test_replay_cli.py ............................................... [ 42%]
..                                                                       [ 43%]
tests\test_replay_determinism.py ......                                  [ 43%]
tests\test_repo_hygiene.py ...........                                   [ 43%]
tests\test_round_truth_and_universe_gate.py ...........................  [ 45%]
tests\test_rule_limit_board.py ......................................... [ 47%]
..........................................                               [ 49%]
tests\test_rule_spirit_index.py ........................................ [ 51%]
.........................                                                [ 52%]
tests\test_rule_spirit_order.py ........................................ [ 54%]
........................................................................ [ 58%]
........                                                                 [ 59%]
tests\test_rule_spirit_price.py ........................................ [ 61%]
.                                                                        [ 61%]
tests\test_rule_tick_surge.py ............................               [ 62%]
tests\test_rule_unusual.py ..........................                    [ 63%]
tests\test_rule_volume_burst.py ................                         [ 64%]
tests\test_serve_replay.py ....                                          [ 64%]
tests\test_server_web.py ............................................... [ 67%]
.............                                                            [ 68%]
tests\test_session_boards.py ........................................... [ 70%]
...............................                                          [ 71%]
tests\test_session_boundaries.py ...................                     [ 72%]
tests\test_session_close_auction.py ........................             [ 74%]
tests\test_session_close_auction_behavioral.py .............             [ 74%]
tests\test_signal_evaluability.py ................                       [ 75%]
tests\test_signal_evaluability_teeth.py ......                           [ 75%]
tests\test_snapshot_outcome_contract.py ................................ [ 77%]
..........                                                               [ 78%]
tests\test_source_epoch_behavioral.py .......                            [ 78%]
tests\test_source_epoch_route.py .............                           [ 79%]
tests\test_source_epoch_time_contract.py .................               [ 79%]
tests\test_source_manager_contract.py .......                            [ 80%]
tests\test_source_manager_detailed.py ..........                         [ 80%]
tests\test_source_time_contract.py ...............                       [ 81%]
tests\test_sources_eastmoney.py ........................................ [ 83%]
.....................                                                    [ 84%]
tests\test_sources_sina.py ............................................. [ 86%]
...................................................                      [ 89%]
tests\test_sources_tencent.py ......................................     [ 91%]
tests\test_spirit_order_capability.py ..........................         [ 92%]
tests\test_st_date_awareness_end_to_end.py ............................. [ 94%]
....                                                                     [ 94%]
tests\test_status_observation_identity.py ............                   [ 95%]
tests\test_tencent_identity_matrix.py .....................              [ 96%]
tests\test_time_policy_matrix.py ..........                              [ 96%]
tests\test_universe_refresh_truth_v4.py ...................              [ 97%]
tests\test_universe_truth.py .........................                   [ 99%]
tests\test_verdict_layer_and_pin.py ..................                   [100%]

======================= 1946 passed in 92.87s (0:01:32) =======================
